2017-02-18 15:41:04,712 (76fe8000) :  INFO (core:349) - Starting framework core - Version: 2.6.3, Build: b46e0ea (Wed Feb 01 23:19:12 UTC 2017)
2017-02-18 15:41:04,713 (76fe8000) :  DEBUG (core:361) - Using the elevated policy
2017-02-18 15:41:04,715 (76fe8000) :  DEBUG (core:365) - Extending whitelist: ['cgi', 'tempfile']
2017-02-18 15:41:04,715 (76fe8000) :  DEBUG (core:450) - Starting runtime component.
2017-02-18 15:41:04,722 (76fe8000) :  DEBUG (core:450) - Starting caching component.
2017-02-18 15:41:04,723 (76fe8000) :  DEBUG (core:450) - Starting data component.
2017-02-18 15:41:04,725 (76fe8000) :  DEBUG (core:450) - Starting networking component.
2017-02-18 15:41:04,728 (76fe8000) :  DEBUG (networking:284) - Loaded HTTP cookies
2017-02-18 15:41:04,731 (76fe8000) :  DEBUG (networking:452) - Setting the default network timeout to 20.0
2017-02-18 15:41:04,736 (76fe8000) :  DEBUG (core:450) - Starting localization component.
2017-02-18 15:41:04,737 (76fe8000) :  INFO (localization:409) - Setting the default locale to en-us
2017-02-18 15:41:04,740 (76fe8000) :  DEBUG (localization:427) - Loaded en strings
2017-02-18 15:41:04,741 (76fe8000) :  DEBUG (core:450) - Starting messaging component.
2017-02-18 15:41:04,742 (76fe8000) :  DEBUG (core:450) - Starting debugging component.
2017-02-18 15:41:04,744 (76fe8000) :  DEBUG (core:450) - Starting services component.
2017-02-18 15:41:04,745 (76fe8000) :  DEBUG (core:450) - Starting myplex component.
2017-02-18 15:41:04,746 (76fe8000) :  DEBUG (core:450) - Starting notifications component.
2017-02-18 15:41:05,623 (76fe8000) :  DEBUG (accessor:68) - Creating a new model access point for provider com.plexapp.system in namespace 'metadata'
2017-02-18 15:41:05,704 (710ff460) :  DEBUG (services:265) - Plug-in is not daemonized - loading services from system
2017-02-18 15:41:05,705 (76fe8000) :  DEBUG (runtime:1117) - Created a thread named 'load_all_services'
2017-02-18 15:41:05,708 (710ff460) :  DEBUG (networking:166) - Requesting 'http://127.0.0.1:32400/:/plugins/com.plexapp.system/messaging/function/X0J1bmRsZVNlcnZpY2U6QWxsU2VydmljZXM_/Y2VyZWFsMQoxCmxpc3QKMApyMAo_/Y2VyZWFsMQoxCmRpY3QKMApyMAo_'
2017-02-18 15:41:05,711 (76fe8000) :  DEBUG (runtime:1117) - Created a thread named 'get_server_info'
2017-02-18 15:41:05,719 (76fe8000) :  DEBUG (core:150) - Finished starting framework core
2017-02-18 15:41:05,721 (76fe8000) :  DEBUG (core:560) - Loading plug-in code
2017-02-18 15:41:05,711 (700ff460) :  DEBUG (networking:166) - Requesting 'http://127.0.0.1:32400'
2017-02-18 15:41:05,887 (76fe8000) :  DEBUG (core:566) - Finished loading plug-in code
2017-02-18 15:41:05,889 (76fe8000) :  DEBUG (runtime:640) - Adding a prefix handler for 'System' ('/system')
2017-02-18 15:41:05,932 (700ff460) :  DEBUG (core:538) - Machine identifier is 7cd1ef95577efcb35df501e87fca196e553f4784
2017-02-18 15:41:05,960 (700ff460) :  DEBUG (core:539) - Server version is 1.3.4.3285-b46e0ea
2017-02-18 15:41:13,114 (76fe8000) :  INFO (__init__:40) - Starting System b46e0ea (Wed Feb 01 23:19:12 UTC 2017)
2017-02-18 15:41:13,115 (76fe8000) :  DEBUG (runtime:640) - Adding a prefix handler for 'Player' ('/player')
2017-02-18 15:41:13,159 (76fe8000) :  INFO (datakit:93) - Loaded the dictionary file
2017-02-18 15:41:13,162 (76fe8000) :  DEBUG (agentservice:48) - Starting the agent service
2017-02-18 15:41:14,006 (76fe8000) :  DEBUG (accessor:68) - Creating a new model access point for provider com.plexapp.system in namespace 'metadata'
2017-02-18 15:41:14,049 (76fe8000) :  DEBUG (bundleservice:69) - Starting the bundle service
2017-02-18 15:41:14,051 (76fe8000) :  DEBUG (runtime:1117) - Created a thread named 'start'
2017-02-18 15:41:14,053 (76fe8000) :  DEBUG (helpservice:14) - Starting the help service
2017-02-18 15:41:14,055 (76fe8000) :  DEBUG (storeservice:198) - Starting the store service
2017-02-18 15:41:14,072 (6ebff460) :  DEBUG (runtime:1117) - Created a thread named 'ensure_agent_info_exists_inner'
2017-02-18 15:41:14,084 (76fe8000) :  DEBUG (runtime:1117) - Created a thread named 'start'
2017-02-18 15:41:14,085 (6ebff460) :  DEBUG (runtime:1117) - Created a thread named 'ensure_agent_info_exists_inner'
2017-02-18 15:41:14,086 (76fe8000) :  DEBUG (installservice:30) - Starting the install service
2017-02-18 15:41:14,088 (6e3ff460) :  DEBUG (networking:166) - Requesting 'http://127.0.0.1:32400'
2017-02-18 15:41:14,095 (6ebff460) :  DEBUG (runtime:1117) - Created a thread named 'ensure_agent_info_exists_inner'
2017-02-18 15:41:14,105 (76fe8000) :  DEBUG (playerservice:12) - Starting the player service
2017-02-18 15:41:14,108 (76fe8000) :  DEBUG (flagservice:13) - Starting the media flag service
2017-02-18 15:41:14,111 (76fe8000) :  DEBUG (runtime:1117) - Created a thread named 'start'
2017-02-18 15:41:14,112 (76fe8000) :  DEBUG (peerservice:141) - Starting the peer service
2017-02-18 15:41:14,119 (6d3ff460) :  DEBUG (peerservice:164) - Fetching the current list of servers
2017-02-18 15:41:14,121 (76fe8000) :  DEBUG (runtime:1117) - Created a thread named 'refresh_servers'
2017-02-18 15:41:14,124 (6d3ff460) :  DEBUG (networking:166) - Requesting 'http://127.0.0.1:32400/servers'
2017-02-18 15:41:14,134 (6e3ff460) :  DEBUG (core:521) - Attribute 'platformVersion' set to '4.4.32v7-aufs (#1 SMP Fri Nov 18 23:17:35 CET 2016)'
2017-02-18 15:41:14,137 (76fe8000) :  DEBUG (runtime:1150) - Scheduled a timed thread named 'refresh_servers'
2017-02-18 15:41:14,140 (76fe8000) :  DEBUG (streamservice:18) - Starting the stream service
2017-02-18 15:41:14,141 (6ebff460) :  DEBUG (runtime:1117) - Created a thread named 'ensure_agent_info_exists_inner'
2017-02-18 15:41:14,142 (76fe8000) :  CRITICAL (runtime:709) - Private handlers are no longer supported; couldn't register <bound method StreamService.token_handler of <streamservice.StreamService object at 0x6f8683d0>>
2017-02-18 15:41:14,146 (6e3ff460) :  DEBUG (networking:166) - Requesting 'https://plugins.plex.tv/apps/all.json?frameworkVersion=2.6.3&machineIdentifier=7cd1ef95577efcb35df501e87fca196e553f4784&os=Linux&osVersion=4.4.32v7-aufs%20%28%231%20SMP%20Fri%20Nov%2018%2023%3A17%3A35%20CET%202016%29&cpu=armv5tel&serverVersion=1.3.4.3285-b46e0ea&systemRevision=b46e0ea'
2017-02-18 15:41:14,156 (6ebff460) :  DEBUG (runtime:1117) - Created a thread named 'ensure_agent_info_exists_inner'
2017-02-18 15:41:14,157 (6d3ff460) :  DEBUG (peerservice:171) - Refreshing local server
2017-02-18 15:41:14,158 (76fe8000) :  DEBUG (runtime:1150) - Scheduled a timed thread named 'invalidation_timer'
2017-02-18 15:41:14,160 (6d3ff460) :  DEBUG (peerservice:189) - Updating servers (True/False True/True/True)
2017-02-18 15:41:14,163 (76fe8000) :  DEBUG (proxyservice:12) - Starting the proxy service
2017-02-18 15:41:14,166 (6d3ff460) :  DEBUG (peerservice:198) - Found 1 servers
2017-02-18 15:41:14,181 (6ebff460) :  DEBUG (runtime:1117) - Created a thread named 'ensure_agent_info_exists_inner'
2017-02-18 15:41:14,183 (6d3ff460) :  DEBUG (peerservice:230) - Creating new server Pi8B (7cd1ef95577efcb35df501e87fca196e553f4784)
2017-02-18 15:41:14,184 (76fe8000) :  DEBUG (runtime:1117) - Created a thread named 'update_attribution_flags_inner'
2017-02-18 15:41:14,187 (76fe8000) :  INFO (core:611) - Started plug-in
2017-02-18 15:41:14,189 (6d3ff460) :  DEBUG (networking:166) - Requesting 'http://127.0.0.1:32400/library/sections'
2017-02-18 15:41:14,190 (76fe8000) :  DEBUG (socketinterface:160) - Starting socket server
2017-02-18 15:41:14,204 (6ebff460) :  DEBUG (runtime:1117) - Created a thread named 'ensure_agent_info_exists_inner'
2017-02-18 15:41:14,205 (76fe8000) :  DEBUG (runtime:1117) - Created a thread named 'start'
2017-02-18 15:41:14,207 (76fe8000) :  INFO (socketinterface:184) - Socket server started on port 33407
2017-02-18 15:41:14,208 (76fe8000) :  INFO (pipeinterface:25) - Entering run loop
2017-02-18 15:41:14,209 (76fe8000) :  DEBUG (runtime:717) - Handling request GET /:/prefixes
2017-02-18 15:41:14,220 (76fe8000) :  DEBUG (runtime:814) - Found route matching /:/prefixes
2017-02-18 15:41:14,224 (6ebff460) :  DEBUG (runtime:1117) - Created a thread named 'ensure_agent_info_exists_inner'
2017-02-18 15:41:14,230 (76fe8000) :  DEBUG (runtime:924) - Response: [200] MediaContainer, 486 bytes
2017-02-18 15:41:14,236 (6ebff460) :  DEBUG (runtime:1117) - Created a thread named 'ensure_agent_info_exists_inner'
2017-02-18 15:41:14,245 (6ebff460) :  DEBUG (runtime:1117) - Created a thread named 'ensure_agent_info_exists_inner'
2017-02-18 15:41:14,251 (6d3ff460) :  DEBUG (networking:166) - Requesting 'http://127.0.0.1:32400/channels/all'
2017-02-18 15:41:14,257 (6ebff460) :  DEBUG (runtime:1117) - Created a thread named 'ensure_agent_info_exists_inner'
2017-02-18 15:41:14,269 (6ebff460) :  DEBUG (runtime:1117) - Created a thread named 'ensure_agent_info_exists_inner'
2017-02-18 15:41:14,276 (6ebff460) :  DEBUG (runtime:1117) - Created a thread named 'ensure_agent_info_exists_inner'
2017-02-18 15:41:14,280 (6a3a9460) :  DEBUG (peerservice:176) - Background-refreshing remote servers
2017-02-18 15:41:14,281 (6d3ff460) :  DEBUG (runtime:1117) - Created a thread named 'background_refresh'
2017-02-18 15:41:14,282 (6a3a9460) :  DEBUG (peerservice:189) - Updating servers (True/False True/True/True)
2017-02-18 15:41:14,287 (6a3a9460) :  DEBUG (peerservice:198) - Found 1 servers
2017-02-18 15:41:14,289 (6a3a9460) :  DEBUG (peerservice:233) - Updating existing server Pi8B (7cd1ef95577efcb35df501e87fca196e553f4784)
2017-02-18 15:41:14,292 (6a3a9460) :  DEBUG (networking:166) - Requesting 'http://127.0.0.1:32400/library/sections'
2017-02-18 15:41:14,313 (6aba9460) :  DEBUG (runtime:717) - Handling request GET /system/agents?mediaType=1
2017-02-18 15:41:14,327 (6a3a9460) :  DEBUG (networking:166) - Requesting 'http://127.0.0.1:32400/channels/all'
2017-02-18 15:41:14,365 (6d3ff460) :  DEBUG (runtime:717) - Handling request GET /system/scanners/1
2017-02-18 15:41:14,460 (6a3a9460) :  DEBUG (runtime:717) - Handling request GET /:/plugins/com.plexapp.system/messaging/function/X0J1bmRsZVNlcnZpY2U6QWxsU2VydmljZXM_/Y2VyZWFsMQoxCmxpc3QKMApyMAo_/Y2VyZWFsMQoxCmRpY3QKMApyMAo_
2017-02-18 15:41:14,604 (6a3a9460) :  DEBUG (runtime:814) - Found route matching /:/plugins/com.plexapp.system/messaging/function/X0J1bmRsZVNlcnZpY2U6QWxsU2VydmljZXM_/Y2VyZWFsMQoxCmxpc3QKMApyMAo_/Y2VyZWFsMQoxCmRpY3QKMApyMAo_
2017-02-18 15:41:14,666 (6aba9460) :  DEBUG (runtime:814) - Found route matching /system/agents
2017-02-18 15:41:14,668 (6d3ff460) :  DEBUG (runtime:814) - Found route matching /system/scanners/1
2017-02-18 15:41:14,677 (6d3ff460) :  DEBUG (runtime:88) - Sending packed state data (99 bytes)
2017-02-18 15:41:14,679 (6d3ff460) :  DEBUG (runtime:924) - Response: [200] MediaContainer, 231 bytes
2017-02-18 15:41:14,882 (6ebff460) :  DEBUG (runtime:1117) - Created a thread named 'remove_unavailable_agents'
2017-02-18 15:41:14,899 (6dbff460) :  DEBUG (flagservice:46) - Started the media flag service
2017-02-18 15:41:15,078 (6a3a9460) :  DEBUG (runtime:88) - Sending packed state data (99 bytes)
2017-02-18 15:41:14,883 (6ebff460) :  DEBUG (bundleservice:85) - Started the bundle service
2017-02-18 15:41:15,081 (6a3a9460) :  DEBUG (runtime:924) - Response: [200] str, 73574 bytes
2017-02-18 15:41:15,104 (6bba9460) :  INFO (agentservice:121) - Agent info: {'com.plexapp.agents.fanarttv': [{'media_types': ['Movie'], 'accepts_from': None, 'fallback_agent': None, 'contributes_to': ['com.plexapp.agents.imdb', 'com.plexapp.agents.themoviedb'], 'has_attribution': True, 'languages': ['xn'], 'persist_stored_files': True, 'version': 0, 'primary_provider': False, 'prefs': True, 'name': 'Fanart.tv'}, {'media_types': ['TV_Show'], 'accepts_from': None, 'fallback_agent': None, 'contributes_to': ['com.plexapp.agents.thetvdb', 'com.plexapp.agents.themoviedb'], 'has_attribution': True, 'languages': ['xn'], 'persist_stored_files': True, 'version': 0, 'primary_provider': False, 'prefs': True, 'name': 'Fanart.tv'}, {'media_types': ['Artist'], 'accepts_from': None, 'fallback_agent': None, 'contributes_to': ['com.plexapp.agents.lastfm'], 'has_attribution': True, 'languages': ['xn'], 'persist_stored_files': True, 'version': 0, 'primary_provider': False, 'prefs': True, 'name': 'Fanart.tv'}, {'media_types': ['Album'], 'accepts_from': None, 'fallback_agent': None, 'contributes_to': ['com.plexapp.agents.lastfm'], 'has_attribution': True, 'languages': ['xn'], 'persist_stored_files': True, 'version': 0, 'primary_provider': False, 'prefs': True, 'name': 'Fanart.tv'}], 'com.plexapp.agents.none': [{'media_types': ['Movie'], 'accepts_from': None, 'fallback_agent': None, 'contributes_to': None, 'has_attribution': False, 'languages': ['xn'], 'persist_stored_files': True, 'version': 0, 'primary_provider': True, 'prefs': False, 'name': 'Personal Media'}, {'media_types': ['TV_Show'], 'accepts_from': None, 'fallback_agent': None, 'contributes_to': None, 'has_attribution': False, 'languages': ['xn'], 'persist_stored_files': True, 'version': 0, 'primary_provider': True, 'prefs': False, 'name': 'Personal Media Shows'}, {'media_types': ['Artist'], 'accepts_from': None, 'fallback_agent': None, 'contributes_to': None, 'has_attribution': False, 'languages': ['xn'], 'persist_stored_files': True, 'version': 0, 'primary_provider': True, 'prefs': False, 'name': 'Personal Media Artists'}, {'media_types': ['Album'], 'accepts_from': None, 'fallback_agent': None, 'contributes_to': None, 'has_attribution': False, 'languages': ['xn'], 'persist_stored_files': True, 'version': 0, 'primary_provider': True, 'prefs': False, 'name': 'Personal Media Albums'}, {'media_types': ['Photo'], 'accepts_from': None, 'fallback_agent': None, 'contributes_to': None, 'has_attribution': False, 'languages': ['en', 'ar', 'bg', 'ca', 'cs', 'cy', 'da', 'de', 'el', 'es', 'et', 'fa', 'fi', 'fr', 'he', 'hi', 'hr', 'ht', 'hu', 'id', 'it', 'ja', 'ko', 'lt', 'lv', 'ms', 'mt', 'nl', 'no', 'pl', 'pt', 'ro', 'ru', 'sk', 'sv', 'sl', 'sr', 'th', 'tr', 'uk', 'ur', 'vi', 'zh', 'xn'], 'persist_stored_files': True, 'version': 0, 'primary_provider': True, 'prefs': False, 'name': 'Photos'}], 'com.plexapp.agents.plexmusic': [{'media_types': ['Artist'], 'accepts_from': None, 'fallback_agent': None, 'contributes_to': ['com.plexapp.agents.localmedia'], 'has_attribution': True, 'languages': ['en', 'ar', 'bg', 'zh', 'hr', 'cs', 'da', 'nl', 'fi', 'fr', 'de', 'el', 'hu', 'id', 'it', 'ja', 'ko', 'nn', 'pl', 'pt', 'ro', 'ru', 'sr', 'sk', 'es', 'sv', 'th', 'tr', 'vi'], 'persist_stored_files': True, 'version': 0, 'primary_provider': True, 'prefs': True, 'name': 'Plex Premium Music'}, {'media_types': ['Album'], 'accepts_from': None, 'fallback_agent': None, 'contributes_to': ['com.plexapp.agents.localmedia'], 'has_attribution': True, 'languages': ['en', 'ar', 'bg', 'zh', 'hr', 'cs', 'da', 'nl', 'fi', 'fr', 'de', 'el', 'hu', 'id', 'it', 'ja', 'ko', 'nn', 'pl', 'pt', 'ro', 'ru', 'sr', 'sk', 'es', 'sv', 'th', 'tr', 'vi'], 'persist_stored_files': True, 'version': 0, 'primary_provider': True, 'prefs': True, 'name': 'Plex Premium Music'}], 'com.plexapp.agents.opensubtitles': [{'media_types': ['Movie'], 'accepts_from': None, 'fallback_agent': None, 'contributes_to': ['com.plexapp.agents.imdb'], 'has_attribution': False, 'languages': ['xn'], 'persist_stored_files': True, 'version': 0, 'primary_provider': False, 'prefs': True, 'name': 'OpenSubtitles.org'}, {'media_types': ['TV_Show'], 'accepts_from': None, 'fallback_agent': None, 'contributes_to': ['com.plexapp.agents.thetvdb'], 'has_attribution': False, 'languages': ['xn'], 'persist_stored_files': True, 'version': 0, 'primary_provider': False, 'prefs': True, 'name': 'OpenSubtitles.org'}], 'com.plexapp.agents.imdb': [{'media_types': ['Movie'], 'accepts_from': ['com.plexapp.agents.localmedia'], 'fallback_agent': None, 'contributes_to': ['com.plexapp.agents.themoviedb'], 'has_attribution': True, 'languages': ['en', 'sv', 'fr', 'es', 'nl', 'de', 'it', 'da', 'ar', 'ca', 'zh', 'cs', 'et', 'fi', 'el', 'he', 'hi', 'hu', 'id', 'ja', 'ko', 'lv', 'no', 'fa', 'pl', 'pt', 'ro', 'ru', 'sk', 'th', 'tr', 'uk', 'vi'], 'persist_stored_files': True, 'version': 0, 'primary_provider': True, 'prefs': True, 'name': 'Plex Movie'}], 'com.plexapp.agents.lyricfind': [{'media_types': ['Album'], 'accepts_from': None, 'fallback_agent': None, 'contributes_to': ['com.plexapp.agents.plexmusic', 'com.plexapp.agents.localmedia', 'com.plexapp.agents.lastfm'], 'has_attribution': True, 'languages': ['xn'], 'persist_stored_files': True, 'version': 0, 'primary_provider': False, 'prefs': False, 'name': 'LyricFind'}], 'com.plexapp.agents.thetvdb': [{'media_types': ['TV_Show'], 'accepts_from': None, 'fallback_agent': None, 'contributes_to': None, 'has_attribution': True, 'languages': ['en', 'fr', 'zh', 'sv', 'no', 'da', 'fi', 'nl', 'de', 'it', 'es', 'pl', 'hu', 'el', 'tr', 'ru', 'he', 'ja', 'pt', 'cs', 'ko', 'sl', 'hr'], 'persist_stored_files': True, 'version': 0, 'primary_provider': True, 'prefs': True, 'name': 'TheTVDB'}], 'com.plexapp.agents.localmedia': [{'media_types': ['Movie'], 'accepts_from': None, 'fallback_agent': None, 'contributes_to': ['com.plexapp.agents.imdb', 'com.plexapp.agents.none'], 'has_attribution': False, 'languages': ['xn'], 'persist_stored_files': False, 'version': 0, 'primary_provider': False, 'prefs': True, 'name': 'Local Media Assets (Movies)'}, {'media_types': ['TV_Show'], 'accepts_from': None, 'fallback_agent': None, 'contributes_to': ['com.plexapp.agents.thetvdb', 'com.plexapp.agents.none'], 'has_attribution': False, 'languages': ['xn'], 'persist_stored_files': False, 'version': 0, 'primary_provider': False, 'prefs': True, 'name': 'Local Media Assets (TV)'}, {'media_types': ['Artist'], 'accepts_from': None, 'fallback_agent': None, 'contributes_to': ['com.plexapp.agents.discogs', 'com.plexapp.agents.lastfm', 'com.plexapp.agents.plexmusic', 'com.plexapp.agents.none'], 'has_attribution': False, 'languages': ['xn'], 'persist_stored_files': False, 'version': 0, 'primary_provider': False, 'prefs': True, 'name': 'Local Media Assets (Artists)'}, {'media_types': ['Artist'], 'accepts_from': None, 'fallback_agent': None, 'contributes_to': ['com.plexapp.agents.plexmusic'], 'has_attribution': False, 'languages': ['xn'], 'persist_stored_files': False, 'version': 2, 'primary_provider': False, 'prefs': True, 'name': 'Local Media Assets (Artists)'}, {'media_types': ['Album'], 'accepts_from': None, 'fallback_agent': None, 'contributes_to': ['com.plexapp.agents.discogs', 'com.plexapp.agents.lastfm', 'com.plexapp.agents.plexmusic', 'com.plexapp.agents.none'], 'has_attribution': False, 'languages': ['xn'], 'persist_stored_files': False, 'version': 0, 'primary_provider': False, 'prefs': True, 'name': 'Local Media Assets (Albums)'}], 'com.plexapp.agents.plexthememusic': [{'media_types': ['TV_Show'], 'accepts_from': None, 'fallback_agent': None, 'contributes_to': ['com.plexapp.agents.thetvdb', 'com.plexapp.agents.thetvdbdvdorder', 'com.plexapp.agents.themoviedb'], 'has_attribution': False, 'languages': ['xn'], 'persist_stored_files': True, 'version': 0, 'primary_provider': False, 'prefs': False, 'name': 'Plex Theme Music'}], 'com.plexapp.agents.themoviedb': [{'media_types': ['Movie'], 'accepts_from': ['com.plexapp.agents.localmedia'], 'fallback_agent': None, 'contributes_to': None, 'has_attribution': True, 'languages': ['en', 'cs', 'da', 'de', 'el', 'es', 'fi', 'fr', 'he', 'hr', 'hu', 'it', 'lv', 'nl', 'no', 'pl', 'pt', 'ru', 'sk', 'sv', 'th', 'tr', 'vi', 'zh', 'ko'], 'persist_stored_files': True, 'version': 0, 'primary_provider': True, 'prefs': True, 'name': 'The Movie Database'}, {'media_types': ['TV_Show'], 'accepts_from': ['com.plexapp.agents.localmedia', 'com.plexapp.agents.thetvdb'], 'fallback_agent': None, 'contributes_to': ['com.plexapp.agents.thetvdb'], 'has_attribution': True, 'languages': ['en', 'cs', 'da', 'de', 'el', 'es', 'fi', 'fr', 'he', 'hr', 'hu', 'it', 'lv', 'nl', 'no', 'pl', 'pt', 'ru', 'sk', 'sv', 'th', 'tr', 'vi', 'zh', 'ko'], 'persist_stored_files': True, 'version': 0, 'primary_provider': True, 'prefs': True, 'name': 'The Movie Database'}], 'com.plexapp.agents.movieposterdb': [{'media_types': ['Movie'], 'accepts_from': None, 'fallback_agent': None, 'contributes_to': ['com.plexapp.agents.imdb'], 'has_attribution': True, 'languages': ['xn'], 'persist_stored_files': True, 'version': 0, 'primary_provider': False, 'prefs': False, 'name': 'CineMaterial'}], 'com.plexapp.agents.htbackdrops': [{'media_types': ['Artist'], 'accepts_from': None, 'fallback_agent': None, 'contributes_to': ['com.plexapp.agents.lastfm'], 'has_attribution': True, 'languages': ['ab', 'aa', 'af', 'ak', 'sq', 'am', 'ar', 'an', 'hy', 'as', 'av', 'ae', 'ay', 'az', 'bm', 'ba', 'eu', 'be', 'bn', 'bh', 'bi', 'bs', 'pb', 'br', 'bg', 'my', 'ca', 'ch', 'ce', 'ny', 'zh', 'cu', 'cv', 'kw', 'co', 'cr', 'hr', 'cs', 'da', 'dv', 'nl', 'dz', 'en', 'eo', 'et', 'ee', 'fo', 'fj', 'fi', 'fr', 'fy', 'ff', 'gd', 'gl', 'lg', 'ka', 'de', 'el', 'gn', 'gu', 'ht', 'ha', 'he', 'hz', 'hi', 'ho', 'hu', 'is', 'io', 'ig', 'id', 'ia', 'ie', 'iu', 'ik', 'ga', 'it', 'ja', 'jv', 'kl', 'kn', 'kr', 'ks', 'kk', 'km', 'ki', 'rw', 'ky', 'kv', 'kg', 'ko', 'kj', 'ku', 'lo', 'la', 'lv', 'li', 'ln', 'lt', 'lu', 'lb', 'mk', 'mg', 'ms', 'ml', 'mt', 'gv', 'mi', 'mr', 'mh', 'mo', 'mn', 'na', 'nv', 'ng', 'ne', 'xn', 'nd', 'no', 'nb', 'nn', 'oc', 'oj', 'or', 'om', 'os', 'pi', 'pa', 'fa', 'pl', 'pt', 'ps', 'qu', 'rm', 'ro', 'rn', 'ru', 'se', 'sm', 'sg', 'sa', 'sc', 'sr', 'sn', 'ii', 'sd', 'si', 'sk', 'sl', 'so', 'st', 'nr', 'es', 'su', 'sw', 'ss', 'sv', 'tl', 'ty', 'tg', 'ta', 'tt', 'te', 'th', 'bo', 'ti', 'to', 'ts', 'tn', 'tr', 'tk', 'tw', 'ug', 'uk', 'ur', 'uz', 've', 'vi', 'vo', 'wa', 'cy', 'wo', 'xh', 'yi', 'yo', 'za', 'zu'], 'persist_stored_files': True, 'version': 0, 'primary_provider': False, 'prefs': False, 'name': 'Home Theater Backdrops'}], 'com.plexapp.agents.lastfm': [{'media_types': ['Artist'], 'accepts_from': None, 'fallback_agent': None, 'contributes_to': None, 'has_attribution': True, 'languages': ['en', 'sv', 'fr', 'es', 'de', 'pl', 'it', 'pt', 'ja', 'tr', 'ru', 'zh'], 'persist_stored_files': True, 'version': 0, 'primary_provider': True, 'prefs': True, 'name': 'Last.fm'}, {'media_types': ['Album'], 'accepts_from': None, 'fallback_agent': None, 'contributes_to': None, 'has_attribution': True, 'languages': ['en', 'sv', 'fr', 'es', 'de', 'pl', 'it', 'pt', 'ja', 'tr', 'ru', 'zh'], 'persist_stored_files': True, 'version': 0, 'primary_provider': True, 'prefs': True, 'name': 'Last.fm'}]}
2017-02-18 15:41:15,158 (6bba9460) :  INFO (datakit:131) - Saved the dictionary file
2017-02-18 15:41:15,175 (6aba9460) :  DEBUG (runtime:88) - Sending packed state data (99 bytes)
2017-02-18 15:41:15,177 (6aba9460) :  DEBUG (runtime:924) - Response: [200] MediaContainer, 1966 bytes
2017-02-18 15:41:15,706 (710ff460) :  DEBUG (services:362) - Loaded services
2017-02-18 15:41:15,720 (6e3ff460) :  DEBUG (preferences:258) - Loaded preferences from DefaultPrefs.json
2017-02-18 15:41:15,724 (6e3ff460) :  DEBUG (preferences:178) - Loaded the user preferences for com.plexapp.system
2017-02-18 15:41:15,725 (6e3ff460) :  INFO (storeservice:495) - No beta plugins.
2017-02-18 15:41:15,748 (708ff460) :  DEBUG (services:438) - No shared code to load
2017-02-18 15:41:15,780 (6e3ff460) :  INFO (storeservice:334) - Starting automatic update thread
2017-02-18 15:41:15,782 (6e3ff460) :  DEBUG (runtime:1150) - Scheduled a timed thread named 'auto_update_thread'
2017-02-18 15:41:15,783 (6e3ff460) :  DEBUG (storeservice:328) - Started the store service
2017-02-18 15:41:20,145 (6dbff460) :  INFO (datakit:131) - Saved the dictionary file
2017-02-18 15:42:15,782 (708ff460) :  DEBUG (runtime:1156) - Starting timed thread named 'auto_update_thread'
2017-02-18 15:42:15,785 (708ff460) :  INFO (storeservice:356) - Starting automatic update check
2017-02-18 15:42:15,791 (708ff460) :  DEBUG (runtime:1117) - Created a thread named 'remove_unavailable_agents'
2017-02-18 15:42:15,806 (708ff460) :  DEBUG (networking:166) - Requesting 'https://plugins.plex.tv/apps/all.json?frameworkVersion=2.6.3&machineIdentifier=7cd1ef95577efcb35df501e87fca196e553f4784&os=Linux&osVersion=4.4.32v7-aufs%20%28%231%20SMP%20Fri%20Nov%2018%2023%3A17%3A35%20CET%202016%29&cpu=armv5tel&serverVersion=1.3.4.3285-b46e0ea&systemRevision=b46e0ea'
2017-02-18 15:42:16,233 (708ff460) :  INFO (storeservice:495) - No beta plugins.
2017-02-18 15:42:16,310 (708ff460) :  INFO (storeservice:531) - 'Services' plug-in [com.plexapp.system.services] is up to date (e034eba)
2017-02-18 15:42:16,312 (708ff460) :  INFO (storeservice:362) - All plug-ins are up to date
2017-02-18 15:42:16,314 (708ff460) :  DEBUG (runtime:1150) - Scheduled a timed thread named 'auto_update_thread'
2017-02-18 15:42:19,820 (76fe8000) :  INFO (pipeinterface:87) - Stopping plug-in
